-------------------------------------------------------------------------------
Test set: com.digivox.desafio.DesafioApplicationTests
-------------------------------------------------------------------------------
Tests run: 1, Failures: 0, Errors: 1, Skipped: 0, Time elapsed: 0.251 s <<< FAILURE! - in com.digivox.desafio.DesafioApplicationTests
com.digivox.desafio.DesafioApplicationTests  Time elapsed: 0.25 s  <<< ERROR!
java.lang.IllegalStateException: Unable to find a @SpringBootConfiguration, you need to use @ContextConfiguration or @SpringBootTest(classes=...) with your test

